<?xml version="1.0" encoding="UTF-8"?>
<testng-results ignored="0" total="4" passed="4" failed="0" skipped="0">
  <reporter-output>
  </reporter-output>
  <suite started-at="2022-05-31T14:53:39 IST" name="Default suite" finished-at="2022-05-31T14:53:46 IST" duration-ms="7005">
    <groups>
    </groups>
    <test started-at="2022-05-31T14:53:39 IST" name="Default test" finished-at="2022-05-31T14:53:46 IST" duration-ms="7005">
      <class name="com.API.gitHub">
        <test-method signature="post()[pri:0, instance:com.API.gitHub@cd3fee8]" started-at="2022-05-31T14:53:39 IST" name="post" finished-at="2022-05-31T14:53:44 IST" duration-ms="4737" status="PASS">
          <reporter-output>
          </reporter-output>
        </test-method> <!-- post -->
        <test-method signature="put()[pri:1, instance:com.API.gitHub@cd3fee8]" started-at="2022-05-31T14:53:44 IST" name="put" finished-at="2022-05-31T14:53:45 IST" duration-ms="979" status="PASS">
          <reporter-output>
          </reporter-output>
        </test-method> <!-- put -->
        <test-method signature="get()[pri:2, instance:com.API.gitHub@cd3fee8]" started-at="2022-05-31T14:53:45 IST" name="get" finished-at="2022-05-31T14:53:45 IST" duration-ms="452" status="PASS">
          <reporter-output>
          </reporter-output>
        </test-method> <!-- get -->
        <test-method signature="delete()[pri:3, instance:com.API.gitHub@cd3fee8]" started-at="2022-05-31T14:53:45 IST" name="delete" finished-at="2022-05-31T14:53:46 IST" duration-ms="646" status="PASS">
          <reporter-output>
          </reporter-output>
        </test-method> <!-- delete -->
      </class> <!-- com.API.gitHub -->
    </test> <!-- Default test -->
  </suite> <!-- Default suite -->
</testng-results>
