<?xml version="1.0" encoding="UTF-8"?>
<!-- Generated by org.testng.reporters.JUnitXMLReporter -->
<testsuite ignored="0" hostname="Vinothraj" failures="0" tests="4" name="Default test" time="7.005" errors="0" timestamp="2022-05-31T14:53:46 IST">
  <testcase classname="com.API.gitHub" name="post" time="4.737"/>
  <testcase classname="com.API.gitHub" name="put" time="0.979"/>
  <testcase classname="com.API.gitHub" name="get" time="0.452"/>
  <testcase classname="com.API.gitHub" name="delete" time="0.646"/>
</testsuite> <!-- Default test -->
